<?xml version="1.0" encoding="UTF-8"?>
<!-- Generated by org.testng.reporters.JUnitXMLReporter -->
<testsuite ignored="0" hostname="DESKTOP-135LNU6" failures="0" tests="1" name="Test" time="43.869" errors="0" timestamp="2022-12-23T16:50:21 IST">
  <testcase classname="TESTNGpakageMAVAN.NeoStoxTestbypropertiesfile" name="@BeforeMethod NeoStoxLogin" time="17.241">
    <failure type="org.openqa.selenium.NoSuchElementException" message="Unable to find element with locator By.xpath: (//a[text()=&amp;apos;OK&amp;apos;])[2]
For documentation on this error, please visit: https://selenium.dev/exceptions/#no_such_element
Build info: version: &amp;apos;4.6.0&amp;apos;, revision: &amp;apos;79f1c02ae20&amp;apos;
System info: os.name: &amp;apos;Windows 10&amp;apos;, os.arch: &amp;apos;amd64&amp;apos;, os.version: &amp;apos;10.0&amp;apos;, java.version: &amp;apos;17.0.4.1&amp;apos;
Driver info: driver.version: RemoteWebDriver">
      <![CDATA[org.openqa.selenium.NoSuchElementException: Unable to find element with locator By.xpath: (//a[text()='OK'])[2]
For documentation on this error, please visit: https://selenium.dev/exceptions/#no_such_element
Build info: version: '4.6.0', revision: '79f1c02ae20'
System info: os.name: 'Windows 10', os.arch: 'amd64', os.version: '10.0', java.version: '17.0.4.1'
Driver info: driver.version: RemoteWebDriver
at org.openqa.selenium.remote.ElementLocation$ElementFinder$2.findElement(ElementLocation.java:165)
at org.openqa.selenium.remote.ElementLocation.findElement(ElementLocation.java:60)
at org.openqa.selenium.remote.RemoteWebDriver.findElement(RemoteWebDriver.java:365)
at org.openqa.selenium.remote.RemoteWebDriver.findElement(RemoteWebDriver.java:357)
at org.openqa.selenium.support.pagefactory.DefaultElementLocator.findElement(DefaultElementLocator.java:70)
at org.openqa.selenium.support.pagefactory.internal.LocatingElementHandler.invoke(LocatingElementHandler.java:39)
at jdk.proxy2/jdk.proxy2.$Proxy18.click(Unknown Source)
at POMforMAVEN.POMNeoStoxHomePage.OkPopUpButton(POMNeoStoxHomePage.java:41)
at TESTNGpakageMAVAN.NeoStoxTestbypropertiesfile.NeoStoxLogin(NeoStoxTestbypropertiesfile.java:57)
at java.base/java.util.ArrayList.forEach(ArrayList.java:1511)
... Removed 31 stack frames]]>
    </failure>
  </testcase> <!-- @BeforeMethod NeoStoxLogin -->
  <testcase classname="TESTNGpakageMAVAN.NeoStoxTestbypropertiesfile" name="@AfterMethod LogoutNeoStox" time="0.0">
    <skipped/>
  </testcase> <!-- @AfterMethod LogoutNeoStox -->
  <testcase classname="TESTNGpakageMAVAN.NeoStoxTestbypropertiesfile" name="@AfterClass CloseNeoStox" time="0.0">
    <skipped/>
  </testcase> <!-- @AfterClass CloseNeoStox -->
  <testcase classname="TESTNGpakageMAVAN.NeoStoxTestbypropertiesfile" name="ValidatedUserName" time="0.0">
    <skipped/>
  </testcase> <!-- ValidatedUserName -->
</testsuite> <!-- Test -->
